Mplus VERSION 7
MUTHEN & MUTHEN
06/03/2021  12:14 AM

INPUT INSTRUCTIONS

  TITLE: Multiple Step Multiple Mediator Model
    DATA:
    FILE IS data_neg_all.dat;
    FORMAT IS free;
    VARIABLE:
    NAMES ARE sub p_neg fo_neg a_neg f_neg o_neg;
    USEVARIABLES p_neg f_neg o_neg a_neg;



    ANALYSIS:
          ESTIMATOR=ML;
          BOOTSTRAP=1000;

    MODEL:
    f_neg on a_neg;
    o_neg on f_neg a_neg;
    p_neg on o_neg  ;


    MODEL INDIRECT:
    p_neg IND o_neg a_neg  ;
    p_neg IND o_neg f_neg a_neg  ;

    OUTPUT:
    standardized CINTERVAL(BCBOOTSTRAP);




INPUT READING TERMINATED NORMALLY



Multiple Step Multiple Mediator Model

SUMMARY OF ANALYSIS

Number of groups                                                 1
Number of observations                                          28

Number of dependent variables                                    3
Number of independent variables                                  1
Number of continuous latent variables                            0

Observed dependent variables

  Continuous
   P_NEG       F_NEG       O_NEG

Observed independent variables
   A_NEG


Estimator                                                       ML
Information matrix                                        OBSERVED
Maximum number of iterations                                  1000
Convergence criterion                                    0.500D-04
Maximum number of steepest descent iterations                   20
Number of bootstrap draws
    Requested                                                 1000
    Completed                                                 1000

Input data file(s)
  data_neg_all.dat

Input data format  FREE



THE MODEL ESTIMATION TERMINATED NORMALLY



MODEL FIT INFORMATION

Number of Free Parameters                       10

Loglikelihood

          H0 Value                         -75.679
          H1 Value                         -74.739

Information Criteria

          Akaike (AIC)                     171.358
          Bayesian (BIC)                   184.680
          Sample-Size Adjusted BIC         153.590
            (n* = (n + 2) / 24)

Chi-Square Test of Model Fit

          Value                              1.880
          Degrees of Freedom                     2
          P-Value                           0.3906

RMSEA (Root Mean Square Error Of Approximation)

          Estimate                           0.000
          90 Percent C.I.                    0.000  0.367
          Probability RMSEA <= .05           0.416

CFI/TLI

          CFI                                1.000
          TLI                                1.008

Chi-Square Test of Model Fit for the Baseline Model

          Value                             49.723
          Degrees of Freedom                     6
          P-Value                           0.0000

SRMR (Standardized Root Mean Square Residual)

          Value                              0.035



MODEL RESULTS

                                                    Two-Tailed
                    Estimate       S.E.  Est./S.E.    P-Value

 F_NEG    ON
    A_NEG              0.517      0.158      3.269      0.001

 O_NEG    ON
    F_NEG              0.753      0.121      6.239      0.000
    A_NEG              0.414      0.153      2.707      0.007

 P_NEG    ON
    O_NEG              0.117      0.019      6.130      0.000

 Intercepts
    P_NEG              0.488      0.036     13.595      0.000
    F_NEG              0.434      0.196      2.218      0.027
    O_NEG              0.233      0.215      1.086      0.277

 Residual Variances
    P_NEG              0.041      0.009      4.310      0.000
    F_NEG              1.018      0.265      3.840      0.000
    O_NEG              1.075      0.411      2.617      0.009


STANDARDIZED MODEL RESULTS

                      StdYX       StdY        Std
                    Estimate   Estimate   Estimate

 F_NEG    ON
    A_NEG              0.497      0.445      0.517

 O_NEG    ON
    F_NEG              0.558      0.558      0.753
    A_NEG              0.295      0.264      0.414

 P_NEG    ON
    O_NEG              0.671      0.671      0.117

 Intercepts
    P_NEG              1.789      1.789      0.488
    F_NEG              0.373      0.373      0.434
    O_NEG              0.149      0.149      0.233

 Residual Variances
    P_NEG              0.549      0.549      0.041
    F_NEG              0.753      0.753      1.018
    O_NEG              0.438      0.438      1.075


R-SQUARE

    Observed
    Variable        Estimate

    P_NEG              0.451
    F_NEG              0.247
    O_NEG              0.562


TOTAL, TOTAL INDIRECT, SPECIFIC INDIRECT, AND DIRECT EFFECTS


                                                    Two-Tailed
                    Estimate       S.E.  Est./S.E.    P-Value

Effects from A_NEG to P_NEG

  Sum of indirect      0.094      0.029      3.201      0.001

  Specific indirect

    P_NEG
    O_NEG
    A_NEG              0.048      0.020      2.389      0.017

    P_NEG
    O_NEG
    F_NEG
    A_NEG              0.045      0.020      2.305      0.021


STANDARDIZED TOTAL, TOTAL INDIRECT, SPECIFIC INDIRECT, AND DIRECT EFFECTS


STDYX Standardization

                                                    Two-Tailed
                    Estimate       S.E.  Est./S.E.    P-Value

Effects from A_NEG to P_NEG

  Sum of indirect      0.384      0.108      3.574      0.000

  Specific indirect

    P_NEG
    O_NEG
    A_NEG              0.198      0.083      2.401      0.016

    P_NEG
    O_NEG
    F_NEG
    A_NEG              0.186      0.072      2.570      0.010


STDY Standardization

                                                    Two-Tailed
                    Estimate       S.E.  Est./S.E.    P-Value

Effects from A_NEG to P_NEG

  Sum of indirect      0.344      0.107      3.201      0.001

  Specific indirect

    P_NEG
    O_NEG
    A_NEG              0.177      0.074      2.389      0.017

    P_NEG
    O_NEG
    F_NEG
    A_NEG              0.167      0.072      2.305      0.021


STD Standardization

                                                    Two-Tailed
                    Estimate       S.E.  Est./S.E.    P-Value

Effects from A_NEG to P_NEG

  Sum of indirect      0.094      0.029      3.201      0.001

  Specific indirect

    P_NEG
    O_NEG
    A_NEG              0.048      0.020      2.389      0.017

    P_NEG
    O_NEG
    F_NEG
    A_NEG              0.045      0.020      2.305      0.021



CONFIDENCE INTERVALS OF MODEL RESULTS

                  Lower .5%  Lower 2.5%    Lower 5%    Estimate    Upper 5%  Upper 2.5%   Upper .5%

 F_NEG    ON
    A_NEG            0.086       0.218       0.276       0.517       0.800       0.849       0.990

 O_NEG    ON
    F_NEG            0.344       0.485       0.553       0.753       0.938       0.966       1.048
    A_NEG           -0.112       0.049       0.110       0.414       0.621       0.672       0.785

 P_NEG    ON
    O_NEG            0.060       0.076       0.083       0.117       0.146       0.154       0.167

 Intercepts
    P_NEG            0.372       0.411       0.426       0.488       0.542       0.554       0.584
    F_NEG           -0.072       0.030       0.114       0.434       0.755       0.808       0.921
    O_NEG           -0.411      -0.201      -0.147       0.233       0.559       0.624       0.769

 Residual Variances
    P_NEG            0.020       0.025       0.028       0.041       0.060       0.062       0.068
    F_NEG            0.476       0.609       0.676       1.018       1.594       1.741       1.829
    O_NEG            0.313       0.430       0.526       1.075       1.972       2.110       2.328


CONFIDENCE INTERVALS OF TOTAL, TOTAL INDIRECT, SPECIFIC INDIRECT, AND DIRECT EFFECTS


                  Lower .5%  Lower 2.5%    Lower 5%    Estimate    Upper 5%  Upper 2.5%   Upper .5%

Effects from A_NEG to P_NEG

  Sum of indirect    0.021       0.038       0.048       0.094       0.147       0.153       0.168

  Specific indirect

    P_NEG
    O_NEG
    A_NEG           -0.007       0.006       0.013       0.048       0.080       0.089       0.105

    P_NEG
    O_NEG
    F_NEG
    A_NEG            0.007       0.016       0.021       0.045       0.087       0.095       0.117


CONFIDENCE INTERVALS OF STANDARDIZED TOTAL, TOTAL INDIRECT, SPECIFIC INDIRECT,
AND DIRECT EFFECTS


STDYX Standardization

                  Lower .5%  Lower 2.5%    Lower 5%    Estimate    Upper 5%  Upper 2.5%   Upper .5%

Effects from A_NEG to P_NEG

  Sum of indirect    0.107       0.174       0.207       0.384       0.561       0.595       0.661

  Specific indirect

    P_NEG
    O_NEG
    A_NEG           -0.014       0.036       0.062       0.198       0.334       0.360       0.411

    P_NEG
    O_NEG
    F_NEG
    A_NEG            0.000       0.044       0.067       0.186       0.305       0.328       0.373


STDY Standardization

                  Lower .5%  Lower 2.5%    Lower 5%    Estimate    Upper 5%  Upper 2.5%   Upper .5%

Effects from A_NEG to P_NEG

  Sum of indirect    0.067       0.133       0.167       0.344       0.521       0.555       0.621

  Specific indirect

    P_NEG
    O_NEG
    A_NEG           -0.014       0.032       0.055       0.177       0.300       0.323       0.369

    P_NEG
    O_NEG
    F_NEG
    A_NEG           -0.020       0.025       0.048       0.167       0.286       0.308       0.353


STD Standardization

                  Lower .5%  Lower 2.5%    Lower 5%    Estimate    Upper 5%  Upper 2.5%   Upper .5%

Effects from A_NEG to P_NEG

  Sum of indirect    0.018       0.036       0.046       0.094       0.142       0.151       0.169

  Specific indirect

    P_NEG
    O_NEG
    A_NEG           -0.004       0.009       0.015       0.048       0.082       0.088       0.100

    P_NEG
    O_NEG
    F_NEG
    A_NEG           -0.005       0.007       0.013       0.045       0.078       0.084       0.096



DIAGRAM INFORMATION

  Use View Diagram under the Diagram menu in the Mplus Editor to view the diagram.
  If running Mplus from the Mplus Diagrammer, the diagram opens automatically.

  Diagram output
    c:\users\13693\desktop\ppi_sem\ppi_neg_fo_mediate4.dgm

     Beginning Time:  00:14:39
        Ending Time:  00:14:39
       Elapsed Time:  00:00:00



MUTHEN & MUTHEN
3463 Stoner Ave.
Los Angeles, CA  90066

Tel: (310) 391-9971
Fax: (310) 391-8971
Web: www.StatModel.com
Support: Support@StatModel.com

Copyright (c) 1998-2012 Muthen & Muthen
