Mplus VERSION 7
MUTHEN & MUTHEN
06/02/2021  11:55 PM

INPUT INSTRUCTIONS

  TITLE: Multiple Step Multiple Mediator Model
    DATA:
    FILE IS data_neg_all.dat;
    FORMAT IS free;
    VARIABLE:
    NAMES ARE sub p_neg fo_neg a_neg f_neg o_neg;
    USEVARIABLES p_neg fo_neg a_neg int;

    ! CENTER=GRANDMEAN(fo_neg a_neg);


    DEFINE:
      int=fo_neg*a_neg;

    MODEL:
    p_neg on fo_neg a_neg;
    p_neg on int;



    OUTPUT:
    standardized;




INPUT READING TERMINATED NORMALLY



Multiple Step Multiple Mediator Model

SUMMARY OF ANALYSIS

Number of groups                                                 1
Number of observations                                          28

Number of dependent variables                                    1
Number of independent variables                                  3
Number of continuous latent variables                            0

Observed dependent variables

  Continuous
   P_NEG

Observed independent variables
   FO_NEG      A_NEG       INT


Estimator                                                       ML
Information matrix                                        OBSERVED
Maximum number of iterations                                  1000
Convergence criterion                                    0.500D-04
Maximum number of steepest descent iterations                   20

Input data file(s)
  data_neg_all.dat

Input data format  FREE



THE MODEL ESTIMATION TERMINATED NORMALLY



MODEL FIT INFORMATION

Number of Free Parameters                        5

Loglikelihood

          H0 Value                           5.282
          H1 Value                           5.282

Information Criteria

          Akaike (AIC)                      -0.564
          Bayesian (BIC)                     6.098
          Sample-Size Adjusted BIC          -9.448
            (n* = (n + 2) / 24)

Chi-Square Test of Model Fit

          Value                              0.000
          Degrees of Freedom                     0
          P-Value                           0.0000

RMSEA (Root Mean Square Error Of Approximation)

          Estimate                           0.000
          90 Percent C.I.                    0.000  0.000
          Probability RMSEA <= .05           0.000

CFI/TLI

          CFI                                1.000
          TLI                                1.000

Chi-Square Test of Model Fit for the Baseline Model

          Value                             17.241
          Degrees of Freedom                     3
          P-Value                           0.0006

SRMR (Standardized Root Mean Square Residual)

          Value                              0.000



MODEL RESULTS

                                                    Two-Tailed
                    Estimate       S.E.  Est./S.E.    P-Value

 P_NEG    ON
    FO_NEG             0.148      0.036      4.102      0.000
    A_NEG             -0.008      0.043     -0.177      0.860
    INT               -0.005      0.025     -0.211      0.833

 Intercepts
    P_NEG              0.488      0.047     10.503      0.000

 Residual Variances
    P_NEG              0.040      0.011      3.742      0.000


STANDARDIZED MODEL RESULTS


STDYX Standardization

                                                    Two-Tailed
                    Estimate       S.E.  Est./S.E.    P-Value

 P_NEG    ON
    FO_NEG             0.699      0.140      4.987      0.000
    A_NEG             -0.031      0.175     -0.177      0.860
    INT               -0.030      0.144     -0.211      0.833

 Intercepts
    P_NEG              1.792      0.323      5.551      0.000

 Residual Variances
    P_NEG              0.540      0.138      3.902      0.000


STDY Standardization

                                                    Two-Tailed
                    Estimate       S.E.  Est./S.E.    P-Value

 P_NEG    ON
    FO_NEG             0.543      0.107      5.083      0.000
    A_NEG             -0.028      0.156     -0.177      0.860
    INT               -0.019      0.090     -0.211      0.833

 Intercepts
    P_NEG              1.792      0.323      5.551      0.000

 Residual Variances
    P_NEG              0.540      0.138      3.902      0.000


STD Standardization

                                                    Two-Tailed
                    Estimate       S.E.  Est./S.E.    P-Value

 P_NEG    ON
    FO_NEG             0.148      0.036      4.102      0.000
    A_NEG             -0.008      0.043     -0.177      0.860
    INT               -0.005      0.025     -0.211      0.833

 Intercepts
    P_NEG              0.488      0.047     10.503      0.000

 Residual Variances
    P_NEG              0.040      0.011      3.742      0.000


R-SQUARE

    Observed                                        Two-Tailed
    Variable        Estimate       S.E.  Est./S.E.    P-Value

    P_NEG              0.460      0.138      3.321      0.001


QUALITY OF NUMERICAL RESULTS

     Condition Number for the Information Matrix              0.356E-01
       (ratio of smallest to largest eigenvalue)


DIAGRAM INFORMATION

  Use View Diagram under the Diagram menu in the Mplus Editor to view the diagram.
  If running Mplus from the Mplus Diagrammer, the diagram opens automatically.

  Diagram output
    c:\users\13693\desktop\ppi_sem\ppi_neg_amg_moderate.dgm

     Beginning Time:  23:55:25
        Ending Time:  23:55:25
       Elapsed Time:  00:00:00



MUTHEN & MUTHEN
3463 Stoner Ave.
Los Angeles, CA  90066

Tel: (310) 391-9971
Fax: (310) 391-8971
Web: www.StatModel.com
Support: Support@StatModel.com

Copyright (c) 1998-2012 Muthen & Muthen
